\BOOKMARK [0][-]{chapter.1}{\376\377\000I\000n\000t\000r\000o\000d\000u\000c\000t\000i\000o\000n}{}% 1
\BOOKMARK [1][-]{section.1.1}{\376\377\000A\000u\000t\000o\000n\000o\000m\000o\000u\000s\000\040\000R\000e\000n\000d\000e\000z\000v\000o\000u\000s\000\040\000A\000n\000d\000\040\000D\000o\000c\000k\000i\000n\000g}{chapter.1}% 2
\BOOKMARK [2][-]{subsection.1.1.1}{\376\377\000R\000e\000v\000i\000e\000w\000\040\000o\000f\000\040\000e\000x\000i\000s\000t\000i\000n\000g\000\040\000s\000y\000s\000t\000e\000m}{section.1.1}% 3
\BOOKMARK [2][-]{subsection.1.1.2}{\376\377\000S\000p\000a\000c\000e\000c\000r\000a\000f\000t\000\040\000L\000a\000n\000d\000i\000n\000g\000\040\000A\000p\000p\000l\000i\000c\000a\000t\000i\000o\000n\000s}{section.1.1}% 4
\BOOKMARK [1][-]{section.1.2}{\376\377\000T\000e\000r\000r\000a\000i\000n\000\040\000M\000a\000p\000p\000i\000n\000g\000\040\000a\000n\000d\000\040\000N\000a\000v\000i\000g\000a\000t\000i\000o\000n\000\040\000f\000o\000r\000\040\000a\000\040\000P\000l\000a\000n\000e\000t\000a\000r\000y\000\040\000E\000x\000p\000l\000o\000r\000a\000t\000i\000o\000n\000\040\000R\000o\000v\000e\000r\000\040}{chapter.1}% 5
\BOOKMARK [2][-]{subsection.1.2.1}{\376\377\000O\000u\000r\000\040\000s\000o\000l\000u\000t\000i\000o\000n\000\040\000f\000o\000r\000\040\000K\000o\000r\000e\000a\000n\000\040\000L\000u\000n\000a\000r\000\040\000E\000x\000p\000l\000o\000r\000a\000t\000i\000o\000n\000\040\000P\000r\000o\000g\000r\000a\000m}{section.1.2}% 6
\BOOKMARK [1][-]{section.1.3}{\376\377\000A\000b\000o\000u\000t\000\040\000I\000S\000S\000-\000g\000a\000m\000m\000a\000\040\000m\000i\000s\000s\000i\000o\000n\000\050\000c\000a\000n\000\040\000b\000e\000\040\000c\000h\000e\000c\000k\000e\000d\000\040\000i\000n\000\040\000s\000p\000a\000c\000e\000\051}{chapter.1}% 7
\BOOKMARK [1][-]{section.1.4}{\376\377\000O\000u\000t\000l\000i\000n\000e}{chapter.1}% 8
\BOOKMARK [0][-]{chapter.2}{\376\377\000L\000i\000d\000a\000r\000\040\000c\000o\000n\000c\000e\000p\000t}{}% 9
\BOOKMARK [1][-]{section.2.1}{\376\377\000S\000u\000b\000m\000o\000d\000u\000l\000e}{chapter.2}% 10
\BOOKMARK [0][-]{chapter.3}{\376\377\000D\000e\000s\000i\000g\000n}{}% 11
\BOOKMARK [1][-]{section.3.1}{\376\377\000L\000a\000s\000e\000r\000\040\000m\000o\000d\000u\000l\000e}{chapter.3}% 12
\BOOKMARK [2][-]{subsection.3.1.1}{\376\377\000L\000a\000s\000e\000r}{section.3.1}% 13
\BOOKMARK [2][-]{subsection.3.1.2}{\376\377\000L\000a\000s\000e\000r\000\040\000c\000o\000l\000l\000i\000m\000a\000t\000o\000r}{section.3.1}% 14
\BOOKMARK [2][-]{subsection.3.1.3}{\376\377\000L\000a\000s\000e\000r\000\040\000d\000r\000i\000v\000e\000r}{section.3.1}% 15
\BOOKMARK [2][-]{subsection.3.1.4}{\376\377\000C\000o\000m\000p\000l\000e\000t\000e\000d\000\040\000l\000a\000s\000e\000r\000\040\000m\000o\000d\000u\000l\000e}{section.3.1}% 16
\BOOKMARK [1][-]{section.3.2}{\376\377\000M\000E\000M\000S\000\040\000m\000o\000d\000u\000l\000e}{chapter.3}% 17
\BOOKMARK [1][-]{section.3.3}{\376\377\000S\000i\000P\000M\000\040\000m\000o\000d\000u\000l\000e}{chapter.3}% 18
\BOOKMARK [2][-]{subsection.3.3.1}{\376\377\000S\000i\000P\000M\000\040\000d\000e\000t\000e\000c\000t\000o\000r}{section.3.3}% 19
\BOOKMARK [2][-]{subsection.3.3.2}{\376\377\000S\000i\000P\000M\000\040\000c\000o\000l\000l\000i\000m\000a\000t\000o\000r}{section.3.3}% 20
\BOOKMARK [2][-]{subsection.3.3.3}{\376\377\000C\000o\000m\000p\000l\000e\000t\000e\000d\000\040\000S\000i\000P\000M\000\040\000m\000o\000d\000u\000l\000e}{section.3.3}% 21
\BOOKMARK [1][-]{section.3.4}{\376\377\000F\000i\000n\000a\000l\000\040\000i\000m\000p\000l\000e\000m\000e\000n\000t\000a\000t\000i\000o\000n}{chapter.3}% 22
\BOOKMARK [0][-]{chapter*.40}{\376\377\000R\000e\000f\000e\000r\000e\000n\000c\000e\000s}{}% 23
\BOOKMARK [0][-]{Appendix.1.A}{\376\377\000A\000p\000p\000e\000n\000d\000i\000x\000\040\000C\000o\000n\000s\000e\000c\000t\000e\000t\000u\000r\000\040\000a\000d\000i\000p\000i\000s\000c\000i\000n\000g\000\040\000e\000l\000i\000t}{}% 24
\BOOKMARK [1][-]{section.1.A.1}{\376\377\000F\000i\000r\000s\000t\000\040\000p\000a\000r\000t}{Appendix.1.A}% 25
\BOOKMARK [1][-]{section.1.A.2}{\376\377\000S\000e\000c\000o\000n\000d}{Appendix.1.A}% 26
\BOOKMARK [0][-]{Appendix.1.B}{\376\377\000A\000p\000p\000e\000n\000d\000i\000x\000\040\000M\000a\000u\000r\000i\000s\000\040\000e\000u\000i\000s\000m\000o\000d}{}% 27
